Picking up tip from A1 of Opentrons 96 Filter Tip Rack 200 µL on 6
Transferring 100.0 from A1 of Agilent 1 Well Reservoir 290 mL on 3 to A1 of Corning 96 Well Plate 360 µL Flat on 2
	Aspirating 100.0 uL from A1 of Agilent 1 Well Reservoir 290 mL on 3 at 150.0 uL/sec
	Air gap
		Aspirating 20.0 uL from A1 of Agilent 1 Well Reservoir 290 mL on 3 at 150.0 uL/sec
	Touching tip
	Dispensing 120.0 uL into A1 of Corning 96 Well Plate 360 µL Flat on 2 at 300.0 uL/sec
	Touching tip
	Blowing out at A1 of Opentrons Fixed Trash on 12
Transferring 100.0 from A1 of Agilent 1 Well Reservoir 290 mL on 3 to A2 of Corning 96 Well Plate 360 µL Flat on 2
	Aspirating 100.0 uL from A1 of Agilent 1 Well Reservoir 290 mL on 3 at 150.0 uL/sec
	Air gap
		Aspirating 20.0 uL from A1 of Agilent 1 Well Reservoir 290 mL on 3 at 150.0 uL/sec
	Touching tip
	Dispensing 120.0 uL into A2 of Corning 96 Well Plate 360 µL Flat on 2 at 300.0 uL/sec
	Touching tip
	Blowing out at A1 of Opentrons Fixed Trash on 12
Transferring 100.0 from A1 of Agilent 1 Well Reservoir 290 mL on 3 to A3 of Corning 96 Well Plate 360 µL Flat on 2
	Aspirating 100.0 uL from A1 of Agilent 1 Well Reservoir 290 mL on 3 at 150.0 uL/sec
	Air gap
		Aspirating 20.0 uL from A1 of Agilent 1 Well Reservoir 290 mL on 3 at 150.0 uL/sec
	Touching tip
	Dispensing 120.0 uL into A3 of Corning 96 Well Plate 360 µL Flat on 2 at 300.0 uL/sec
	Touching tip
	Blowing out at A1 of Opentrons Fixed Trash on 12
Transferring 100.0 from A1 of Agilent 1 Well Reservoir 290 mL on 3 to A4 of Corning 96 Well Plate 360 µL Flat on 2
	Aspirating 100.0 uL from A1 of Agilent 1 Well Reservoir 290 mL on 3 at 150.0 uL/sec
	Air gap
		Aspirating 20.0 uL from A1 of Agilent 1 Well Reservoir 290 mL on 3 at 150.0 uL/sec
	Touching tip
	Dispensing 120.0 uL into A4 of Corning 96 Well Plate 360 µL Flat on 2 at 300.0 uL/sec
	Touching tip
	Blowing out at A1 of Opentrons Fixed Trash on 12
Transferring 100.0 from A1 of Agilent 1 Well Reservoir 290 mL on 3 to A5 of Corning 96 Well Plate 360 µL Flat on 2
	Aspirating 100.0 uL from A1 of Agilent 1 Well Reservoir 290 mL on 3 at 150.0 uL/sec
	Air gap
		Aspirating 20.0 uL from A1 of Agilent 1 Well Reservoir 290 mL on 3 at 150.0 uL/sec
	Touching tip
	Dispensing 120.0 uL into A5 of Corning 96 Well Plate 360 µL Flat on 2 at 300.0 uL/sec
	Touching tip
	Blowing out at A1 of Opentrons Fixed Trash on 12
Transferring 100.0 from A1 of Agilent 1 Well Reservoir 290 mL on 3 to A6 of Corning 96 Well Plate 360 µL Flat on 2
	Aspirating 100.0 uL from A1 of Agilent 1 Well Reservoir 290 mL on 3 at 150.0 uL/sec
	Air gap
		Aspirating 20.0 uL from A1 of Agilent 1 Well Reservoir 290 mL on 3 at 150.0 uL/sec
	Touching tip
	Dispensing 120.0 uL into A6 of Corning 96 Well Plate 360 µL Flat on 2 at 300.0 uL/sec
	Touching tip
	Blowing out at A1 of Opentrons Fixed Trash on 12
Transferring 100.0 from A1 of Agilent 1 Well Reservoir 290 mL on 3 to A7 of Corning 96 Well Plate 360 µL Flat on 2
	Aspirating 100.0 uL from A1 of Agilent 1 Well Reservoir 290 mL on 3 at 150.0 uL/sec
	Air gap
		Aspirating 20.0 uL from A1 of Agilent 1 Well Reservoir 290 mL on 3 at 150.0 uL/sec
	Touching tip
	Dispensing 120.0 uL into A7 of Corning 96 Well Plate 360 µL Flat on 2 at 300.0 uL/sec
	Touching tip
	Blowing out at A1 of Opentrons Fixed Trash on 12
Transferring 100.0 from A1 of Agilent 1 Well Reservoir 290 mL on 3 to A8 of Corning 96 Well Plate 360 µL Flat on 2
	Aspirating 100.0 uL from A1 of Agilent 1 Well Reservoir 290 mL on 3 at 150.0 uL/sec
	Air gap
		Aspirating 20.0 uL from A1 of Agilent 1 Well Reservoir 290 mL on 3 at 150.0 uL/sec
	Touching tip
	Dispensing 120.0 uL into A8 of Corning 96 Well Plate 360 µL Flat on 2 at 300.0 uL/sec
	Touching tip
	Blowing out at A1 of Opentrons Fixed Trash on 12
Transferring 100.0 from A1 of Agilent 1 Well Reservoir 290 mL on 3 to A9 of Corning 96 Well Plate 360 µL Flat on 2
	Aspirating 100.0 uL from A1 of Agilent 1 Well Reservoir 290 mL on 3 at 150.0 uL/sec
	Air gap
		Aspirating 20.0 uL from A1 of Agilent 1 Well Reservoir 290 mL on 3 at 150.0 uL/sec
	Touching tip
	Dispensing 120.0 uL into A9 of Corning 96 Well Plate 360 µL Flat on 2 at 300.0 uL/sec
	Touching tip
	Blowing out at A1 of Opentrons Fixed Trash on 12
Transferring 100.0 from A1 of Agilent 1 Well Reservoir 290 mL on 3 to A10 of Corning 96 Well Plate 360 µL Flat on 2
	Aspirating 100.0 uL from A1 of Agilent 1 Well Reservoir 290 mL on 3 at 150.0 uL/sec
	Air gap
		Aspirating 20.0 uL from A1 of Agilent 1 Well Reservoir 290 mL on 3 at 150.0 uL/sec
	Touching tip
	Dispensing 120.0 uL into A10 of Corning 96 Well Plate 360 µL Flat on 2 at 300.0 uL/sec
	Touching tip
	Blowing out at A1 of Opentrons Fixed Trash on 12
Transferring 100.0 from A1 of Agilent 1 Well Reservoir 290 mL on 3 to A11 of Corning 96 Well Plate 360 µL Flat on 2
	Aspirating 100.0 uL from A1 of Agilent 1 Well Reservoir 290 mL on 3 at 150.0 uL/sec
	Air gap
		Aspirating 20.0 uL from A1 of Agilent 1 Well Reservoir 290 mL on 3 at 150.0 uL/sec
	Touching tip
	Dispensing 120.0 uL into A11 of Corning 96 Well Plate 360 µL Flat on 2 at 300.0 uL/sec
	Touching tip
	Blowing out at A1 of Opentrons Fixed Trash on 12
Transferring 100.0 from A1 of Agilent 1 Well Reservoir 290 mL on 3 to A12 of Corning 96 Well Plate 360 µL Flat on 2
	Aspirating 100.0 uL from A1 of Agilent 1 Well Reservoir 290 mL on 3 at 150.0 uL/sec
	Air gap
		Aspirating 20.0 uL from A1 of Agilent 1 Well Reservoir 290 mL on 3 at 150.0 uL/sec
	Touching tip
	Dispensing 120.0 uL into A12 of Corning 96 Well Plate 360 µL Flat on 2 at 300.0 uL/sec
	Touching tip
	Blowing out at A1 of Opentrons Fixed Trash on 12
Dropping tip into A1 of Opentrons Fixed Trash on 12
